<?xml version="1.0" encoding="UTF-8"?>
<testsuite name="PasswordCheckerTest" tests="2" skipped="0" failures="0" errors="0" timestamp="2020-01-28T14:07:23" hostname="sage-ThinkCentre-M73" time="0.06">
  <properties/>
  <testcase name="passwordIsValid()" classname="PasswordCheckerTest" time="0.052"/>
  <testcase name="passwordIsOk()" classname="PasswordCheckerTest" time="0.006"/>
  <system-out><![CDATA[password meets all requirements
16:07:23.599 [Test worker] INFO  PasswordChecker - This is an info message
16:07:23.604 [Test worker] ERROR PasswordChecker - This is an error message
16:07:23.606 [Test worker] DEBUG PasswordChecker - This is a debug Message
password should be longer than than 8 characters
password should have at least have one digit
16:07:23.621 [Test worker] INFO  PasswordChecker - This is an info message
16:07:23.622 [Test worker] ERROR PasswordChecker - This is an error message
16:07:23.623 [Test worker] DEBUG PasswordChecker - This is a debug Message
]]></system-out>
  <system-err><![CDATA[]]></system-err>
</testsuite>
